12-10-2017 09:55:45 INFO  org.hibernate.Version     - HHH000412: Hibernate Core {5.2.10.Final}
12-10-2017 09:55:45 INFO  org.hibernate.cfg.Environment     - HHH000206: hibernate.properties not found
12-10-2017 09:55:46 INFO  org.hibernate.annotations.common.Version     - HCANN000001: Hibernate Commons Annotations {5.0.1.Final}
12-10-2017 09:55:48 INFO  org.hibernate.dialect.Dialect     - HHH000400: Using dialect: org.hibernate.dialect.PostgreSQLDialect
12-10-2017 09:55:48 INFO  org.hibernate.engine.jdbc.env.internal.LobCreatorBuilderImpl     - HHH000422: Disabling contextual LOB creation as connection was null
12-10-2017 09:55:48 INFO  org.hibernate.type.BasicTypeRegistry     - HHH000270: Type registration [java.util.UUID] overrides previous : org.hibernate.type.UUIDBinaryType@2f953efd
12-10-2017 09:56:07 INFO  org.hibernate.Version     - HHH000412: Hibernate Core {5.2.10.Final}
12-10-2017 09:56:07 INFO  org.hibernate.cfg.Environment     - HHH000206: hibernate.properties not found
12-10-2017 09:56:08 INFO  org.hibernate.annotations.common.Version     - HCANN000001: Hibernate Commons Annotations {5.0.1.Final}
12-10-2017 09:56:10 INFO  org.hibernate.dialect.Dialect     - HHH000400: Using dialect: org.hibernate.dialect.PostgreSQLDialect
12-10-2017 09:56:10 INFO  org.hibernate.engine.jdbc.env.internal.LobCreatorBuilderImpl     - HHH000422: Disabling contextual LOB creation as connection was null
12-10-2017 09:56:10 INFO  org.hibernate.type.BasicTypeRegistry     - HHH000270: Type registration [java.util.UUID] overrides previous : org.hibernate.type.UUIDBinaryType@2d29b4ee
12-10-2017 09:56:12 WARN  org.hibernate.orm.connections.pooling     - HHH10001002: Using Hibernate built-in connection pool (not for production use!)
12-10-2017 09:56:12 INFO  org.hibernate.orm.connections.pooling     - HHH10001005: using driver [org.postgresql.Driver] at URL [jdbc:postgresql://localhost:5433/docChangeDb]
12-10-2017 09:56:12 INFO  org.hibernate.orm.connections.pooling     - HHH10001001: Connection properties: {user=postgres, password=****, autocommit=false, pool_size=1}
12-10-2017 09:56:12 INFO  org.hibernate.orm.connections.pooling     - HHH10001003: Autocommit mode: false
12-10-2017 09:56:12 INFO  org.hibernate.engine.jdbc.connections.internal.DriverManagerConnectionProviderImpl     - HHH000115: Hibernate connection pool size: 20 (min=1)
12-10-2017 09:56:12 INFO  org.apache.commons.logging.impl.Log4JLogger     - Added new Department to data base. docchange.my.Dep@327120c8
12-10-2017 09:57:52 INFO  org.hibernate.Version     - HHH000412: Hibernate Core {5.2.10.Final}
12-10-2017 09:57:52 INFO  org.hibernate.cfg.Environment     - HHH000206: hibernate.properties not found
12-10-2017 09:57:52 INFO  org.hibernate.annotations.common.Version     - HCANN000001: Hibernate Commons Annotations {5.0.1.Final}
12-10-2017 09:57:54 INFO  org.hibernate.dialect.Dialect     - HHH000400: Using dialect: org.hibernate.dialect.PostgreSQLDialect
12-10-2017 09:57:54 INFO  org.hibernate.engine.jdbc.env.internal.LobCreatorBuilderImpl     - HHH000422: Disabling contextual LOB creation as connection was null
12-10-2017 09:57:54 INFO  org.hibernate.type.BasicTypeRegistry     - HHH000270: Type registration [java.util.UUID] overrides previous : org.hibernate.type.UUIDBinaryType@2d29b4ee
12-10-2017 09:57:56 WARN  org.hibernate.orm.connections.pooling     - HHH10001002: Using Hibernate built-in connection pool (not for production use!)
12-10-2017 09:57:56 INFO  org.hibernate.orm.connections.pooling     - HHH10001005: using driver [org.postgresql.Driver] at URL [jdbc:postgresql://localhost:5433/docChangeDb]
12-10-2017 09:57:56 INFO  org.hibernate.orm.connections.pooling     - HHH10001001: Connection properties: {user=postgres, password=****, autocommit=false, pool_size=1}
12-10-2017 09:57:56 INFO  org.hibernate.orm.connections.pooling     - HHH10001003: Autocommit mode: false
12-10-2017 09:57:56 INFO  org.hibernate.engine.jdbc.connections.internal.DriverManagerConnectionProviderImpl     - HHH000115: Hibernate connection pool size: 20 (min=1)
12-10-2017 09:57:56 INFO  org.apache.commons.logging.impl.Log4JLogger     - Added new Department to data base. docchange.my.Dep@327120c8
12-10-2017 09:57:56 ERROR org.apache.commons.logging.impl.Log4JLogger     - Unable to locate persister: com.sun.security.ntlm.Client
org.hibernate.UnknownEntityTypeException: Unable to locate persister: com.sun.security.ntlm.Client
	at org.hibernate.metamodel.internal.MetamodelImpl.locateEntityPersister(MetamodelImpl.java:637)
	at org.hibernate.internal.SessionImpl.locateEntityPersister(SessionImpl.java:2942)
	at org.hibernate.internal.SessionImpl.access$1800(SessionImpl.java:203)
	at org.hibernate.internal.SessionImpl$IdentifierLoadAccessImpl.<init>(SessionImpl.java:2693)
	at org.hibernate.internal.SessionImpl$IdentifierLoadAccessImpl.<init>(SessionImpl.java:2679)
	at org.hibernate.internal.SessionImpl.byId(SessionImpl.java:1200)
	at org.hibernate.internal.SessionImpl.get(SessionImpl.java:1073)
	at util.HDBUtil.get(HDBUtil.java:114)
	at docchange.my.Main.main(Main.java:47)
12-10-2017 09:58:48 INFO  org.hibernate.Version     - HHH000412: Hibernate Core {5.2.10.Final}
12-10-2017 09:58:48 INFO  org.hibernate.cfg.Environment     - HHH000206: hibernate.properties not found
12-10-2017 09:58:48 INFO  org.hibernate.annotations.common.Version     - HCANN000001: Hibernate Commons Annotations {5.0.1.Final}
12-10-2017 09:58:50 INFO  org.hibernate.dialect.Dialect     - HHH000400: Using dialect: org.hibernate.dialect.PostgreSQLDialect
12-10-2017 09:58:50 INFO  org.hibernate.engine.jdbc.env.internal.LobCreatorBuilderImpl     - HHH000422: Disabling contextual LOB creation as connection was null
12-10-2017 09:58:50 INFO  org.hibernate.type.BasicTypeRegistry     - HHH000270: Type registration [java.util.UUID] overrides previous : org.hibernate.type.UUIDBinaryType@2d29b4ee
12-10-2017 09:58:51 WARN  org.hibernate.orm.connections.pooling     - HHH10001002: Using Hibernate built-in connection pool (not for production use!)
12-10-2017 09:58:51 INFO  org.hibernate.orm.connections.pooling     - HHH10001005: using driver [org.postgresql.Driver] at URL [jdbc:postgresql://localhost:5433/docChangeDb]
12-10-2017 09:58:51 INFO  org.hibernate.orm.connections.pooling     - HHH10001001: Connection properties: {user=postgres, password=****, autocommit=false, pool_size=1}
12-10-2017 09:58:51 INFO  org.hibernate.orm.connections.pooling     - HHH10001003: Autocommit mode: false
12-10-2017 09:58:52 INFO  org.hibernate.engine.jdbc.connections.internal.DriverManagerConnectionProviderImpl     - HHH000115: Hibernate connection pool size: 20 (min=1)
12-10-2017 09:58:52 INFO  org.apache.commons.logging.impl.Log4JLogger     - Added new Department to data base. docchange.my.Dep@327120c8
12-10-2017 09:59:55 INFO  org.hibernate.Version     - HHH000412: Hibernate Core {5.2.10.Final}
12-10-2017 09:59:55 INFO  org.hibernate.cfg.Environment     - HHH000206: hibernate.properties not found
12-10-2017 09:59:55 INFO  org.hibernate.annotations.common.Version     - HCANN000001: Hibernate Commons Annotations {5.0.1.Final}
12-10-2017 09:59:58 INFO  org.hibernate.dialect.Dialect     - HHH000400: Using dialect: org.hibernate.dialect.PostgreSQLDialect
12-10-2017 09:59:58 INFO  org.hibernate.engine.jdbc.env.internal.LobCreatorBuilderImpl     - HHH000422: Disabling contextual LOB creation as connection was null
12-10-2017 09:59:58 INFO  org.hibernate.type.BasicTypeRegistry     - HHH000270: Type registration [java.util.UUID] overrides previous : org.hibernate.type.UUIDBinaryType@2f953efd
12-10-2017 09:59:59 WARN  org.hibernate.orm.connections.pooling     - HHH10001002: Using Hibernate built-in connection pool (not for production use!)
12-10-2017 09:59:59 INFO  org.hibernate.orm.connections.pooling     - HHH10001005: using driver [org.postgresql.Driver] at URL [jdbc:postgresql://localhost:5433/docChangeDb]
12-10-2017 09:59:59 INFO  org.hibernate.orm.connections.pooling     - HHH10001001: Connection properties: {user=postgres, password=****, autocommit=false, pool_size=1}
12-10-2017 09:59:59 INFO  org.hibernate.orm.connections.pooling     - HHH10001003: Autocommit mode: false
12-10-2017 09:59:59 INFO  org.hibernate.engine.jdbc.connections.internal.DriverManagerConnectionProviderImpl     - HHH000115: Hibernate connection pool size: 20 (min=1)
12-10-2017 09:59:59 INFO  org.apache.commons.logging.impl.Log4JLogger     - Added new Department to data base. docchange.my.Dep@2ca47471
12-10-2017 10:00:52 INFO  org.hibernate.Version     - HHH000412: Hibernate Core {5.2.10.Final}
12-10-2017 10:00:52 INFO  org.hibernate.cfg.Environment     - HHH000206: hibernate.properties not found
12-10-2017 10:00:52 INFO  org.hibernate.annotations.common.Version     - HCANN000001: Hibernate Commons Annotations {5.0.1.Final}
12-10-2017 10:00:55 INFO  org.hibernate.dialect.Dialect     - HHH000400: Using dialect: org.hibernate.dialect.PostgreSQLDialect
12-10-2017 10:00:55 INFO  org.hibernate.engine.jdbc.env.internal.LobCreatorBuilderImpl     - HHH000422: Disabling contextual LOB creation as connection was null
12-10-2017 10:00:55 INFO  org.hibernate.type.BasicTypeRegistry     - HHH000270: Type registration [java.util.UUID] overrides previous : org.hibernate.type.UUIDBinaryType@2d29b4ee
12-10-2017 10:00:56 WARN  org.hibernate.orm.connections.pooling     - HHH10001002: Using Hibernate built-in connection pool (not for production use!)
12-10-2017 10:00:56 INFO  org.hibernate.orm.connections.pooling     - HHH10001005: using driver [org.postgresql.Driver] at URL [jdbc:postgresql://localhost:5433/docChangeDb]
12-10-2017 10:00:56 INFO  org.hibernate.orm.connections.pooling     - HHH10001001: Connection properties: {user=postgres, password=****, autocommit=false, pool_size=1}
12-10-2017 10:00:56 INFO  org.hibernate.orm.connections.pooling     - HHH10001003: Autocommit mode: false
12-10-2017 10:00:56 INFO  org.hibernate.engine.jdbc.connections.internal.DriverManagerConnectionProviderImpl     - HHH000115: Hibernate connection pool size: 20 (min=1)
12-10-2017 10:00:56 INFO  org.apache.commons.logging.impl.Log4JLogger     - Added new Department to data base. docchange.my.Dep@327120c8
12-10-2017 10:04:41 INFO  org.hibernate.Version     - HHH000412: Hibernate Core {5.2.10.Final}
12-10-2017 10:04:41 INFO  org.hibernate.cfg.Environment     - HHH000206: hibernate.properties not found
12-10-2017 10:04:42 INFO  org.hibernate.annotations.common.Version     - HCANN000001: Hibernate Commons Annotations {5.0.1.Final}
12-10-2017 10:04:44 INFO  org.hibernate.dialect.Dialect     - HHH000400: Using dialect: org.hibernate.dialect.PostgreSQLDialect
12-10-2017 10:04:44 INFO  org.hibernate.engine.jdbc.env.internal.LobCreatorBuilderImpl     - HHH000422: Disabling contextual LOB creation as connection was null
12-10-2017 10:04:44 INFO  org.hibernate.type.BasicTypeRegistry     - HHH000270: Type registration [java.util.UUID] overrides previous : org.hibernate.type.UUIDBinaryType@2f953efd
12-10-2017 10:04:45 WARN  org.hibernate.orm.connections.pooling     - HHH10001002: Using Hibernate built-in connection pool (not for production use!)
12-10-2017 10:04:45 INFO  org.hibernate.orm.connections.pooling     - HHH10001005: using driver [org.postgresql.Driver] at URL [jdbc:postgresql://localhost:5433/docChangeDb]
12-10-2017 10:04:45 INFO  org.hibernate.orm.connections.pooling     - HHH10001001: Connection properties: {user=postgres, password=****, autocommit=false, pool_size=1}
12-10-2017 10:04:45 INFO  org.hibernate.orm.connections.pooling     - HHH10001003: Autocommit mode: false
12-10-2017 10:04:45 INFO  org.hibernate.engine.jdbc.connections.internal.DriverManagerConnectionProviderImpl     - HHH000115: Hibernate connection pool size: 20 (min=1)
12-10-2017 10:04:46 INFO  org.apache.commons.logging.impl.Log4JLogger     - Added new Department to data base. docchange.my.Dep@2ca47471
12-10-2017 10:04:46 ERROR org.apache.commons.logging.impl.Log4JLogger     - A different object with the same identifier value was already associated with the session : [docchange.my.User#20]
org.hibernate.NonUniqueObjectException: A different object with the same identifier value was already associated with the session : [docchange.my.User#20]
	at org.hibernate.engine.internal.StatefulPersistenceContext.checkUniqueness(StatefulPersistenceContext.java:650)
	at org.hibernate.event.internal.DefaultSaveOrUpdateEventListener.performUpdate(DefaultSaveOrUpdateEventListener.java:284)
	at org.hibernate.event.internal.DefaultSaveOrUpdateEventListener.entityIsDetached(DefaultSaveOrUpdateEventListener.java:227)
	at org.hibernate.event.internal.DefaultUpdateEventListener.performSaveOrUpdate(DefaultUpdateEventListener.java:38)
	at org.hibernate.event.internal.DefaultSaveOrUpdateEventListener.onSaveOrUpdate(DefaultSaveOrUpdateEventListener.java:73)
	at org.hibernate.internal.SessionImpl.fireUpdate(SessionImpl.java:713)
	at org.hibernate.internal.SessionImpl.update(SessionImpl.java:705)
	at org.hibernate.internal.SessionImpl.update(SessionImpl.java:700)
	at util.HDBUtil.update(HDBUtil.java:106)
	at docchange.my.Main.main(Main.java:51)
12-10-2017 10:29:41 INFO  org.hibernate.Version     - HHH000412: Hibernate Core {5.2.10.Final}
12-10-2017 10:29:41 INFO  org.hibernate.cfg.Environment     - HHH000206: hibernate.properties not found
12-10-2017 10:29:41 INFO  org.hibernate.annotations.common.Version     - HCANN000001: Hibernate Commons Annotations {5.0.1.Final}
12-10-2017 10:29:43 INFO  org.hibernate.dialect.Dialect     - HHH000400: Using dialect: org.hibernate.dialect.PostgreSQLDialect
12-10-2017 10:29:43 INFO  org.hibernate.engine.jdbc.env.internal.LobCreatorBuilderImpl     - HHH000422: Disabling contextual LOB creation as connection was null
12-10-2017 10:29:43 INFO  org.hibernate.type.BasicTypeRegistry     - HHH000270: Type registration [java.util.UUID] overrides previous : org.hibernate.type.UUIDBinaryType@2f953efd
12-10-2017 10:29:45 WARN  org.hibernate.orm.connections.pooling     - HHH10001002: Using Hibernate built-in connection pool (not for production use!)
12-10-2017 10:29:45 INFO  org.hibernate.orm.connections.pooling     - HHH10001005: using driver [org.postgresql.Driver] at URL [jdbc:postgresql://localhost:5433/docChangeDb]
12-10-2017 10:29:45 INFO  org.hibernate.orm.connections.pooling     - HHH10001001: Connection properties: {user=postgres, password=****, autocommit=false, pool_size=1}
12-10-2017 10:29:45 INFO  org.hibernate.orm.connections.pooling     - HHH10001003: Autocommit mode: false
12-10-2017 10:29:45 INFO  org.hibernate.engine.jdbc.connections.internal.DriverManagerConnectionProviderImpl     - HHH000115: Hibernate connection pool size: 20 (min=1)
12-10-2017 10:29:45 INFO  org.apache.commons.logging.impl.Log4JLogger     - Added new Department to data base. docchange.my.Dep@2ca47471
12-10-2017 10:29:45 ERROR org.apache.commons.logging.impl.Log4JLogger     - A different object with the same identifier value was already associated with the session : [docchange.my.User#20]
org.hibernate.NonUniqueObjectException: A different object with the same identifier value was already associated with the session : [docchange.my.User#20]
	at org.hibernate.engine.internal.StatefulPersistenceContext.checkUniqueness(StatefulPersistenceContext.java:650)
	at org.hibernate.event.internal.DefaultSaveOrUpdateEventListener.performUpdate(DefaultSaveOrUpdateEventListener.java:284)
	at org.hibernate.event.internal.DefaultSaveOrUpdateEventListener.entityIsDetached(DefaultSaveOrUpdateEventListener.java:227)
	at org.hibernate.event.internal.DefaultUpdateEventListener.performSaveOrUpdate(DefaultUpdateEventListener.java:38)
	at org.hibernate.event.internal.DefaultSaveOrUpdateEventListener.onSaveOrUpdate(DefaultSaveOrUpdateEventListener.java:73)
	at org.hibernate.internal.SessionImpl.fireUpdate(SessionImpl.java:713)
	at org.hibernate.internal.SessionImpl.update(SessionImpl.java:705)
	at org.hibernate.internal.SessionImpl.update(SessionImpl.java:700)
	at util.HDBUtil.update(HDBUtil.java:115)
	at docchange.my.Main.main(Main.java:51)
12-10-2017 10:29:49 INFO  org.hibernate.Version     - HHH000412: Hibernate Core {5.2.10.Final}
12-10-2017 10:29:49 INFO  org.hibernate.cfg.Environment     - HHH000206: hibernate.properties not found
12-10-2017 10:29:50 INFO  org.hibernate.annotations.common.Version     - HCANN000001: Hibernate Commons Annotations {5.0.1.Final}
12-10-2017 10:29:52 INFO  org.hibernate.dialect.Dialect     - HHH000400: Using dialect: org.hibernate.dialect.PostgreSQLDialect
12-10-2017 10:29:53 INFO  org.hibernate.engine.jdbc.env.internal.LobCreatorBuilderImpl     - HHH000422: Disabling contextual LOB creation as connection was null
12-10-2017 10:29:53 INFO  org.hibernate.type.BasicTypeRegistry     - HHH000270: Type registration [java.util.UUID] overrides previous : org.hibernate.type.UUIDBinaryType@2f953efd
12-10-2017 10:29:54 WARN  org.hibernate.orm.connections.pooling     - HHH10001002: Using Hibernate built-in connection pool (not for production use!)
12-10-2017 10:29:54 INFO  org.hibernate.orm.connections.pooling     - HHH10001005: using driver [org.postgresql.Driver] at URL [jdbc:postgresql://localhost:5433/docChangeDb]
12-10-2017 10:29:54 INFO  org.hibernate.orm.connections.pooling     - HHH10001001: Connection properties: {user=postgres, password=****, autocommit=false, pool_size=1}
12-10-2017 10:29:54 INFO  org.hibernate.orm.connections.pooling     - HHH10001003: Autocommit mode: false
12-10-2017 10:29:54 INFO  org.hibernate.engine.jdbc.connections.internal.DriverManagerConnectionProviderImpl     - HHH000115: Hibernate connection pool size: 20 (min=1)
12-10-2017 10:29:54 INFO  org.apache.commons.logging.impl.Log4JLogger     - Added new Department to data base. docchange.my.Dep@2ca47471
12-10-2017 11:55:09 INFO  org.hibernate.Version     - HHH000412: Hibernate Core {5.2.10.Final}
12-10-2017 11:55:09 INFO  org.hibernate.cfg.Environment     - HHH000206: hibernate.properties not found
12-10-2017 11:55:09 INFO  org.hibernate.annotations.common.Version     - HCANN000001: Hibernate Commons Annotations {5.0.1.Final}
12-10-2017 11:55:12 INFO  org.hibernate.dialect.Dialect     - HHH000400: Using dialect: org.hibernate.dialect.PostgreSQLDialect
12-10-2017 11:55:12 INFO  org.hibernate.engine.jdbc.env.internal.LobCreatorBuilderImpl     - HHH000422: Disabling contextual LOB creation as connection was null
12-10-2017 11:55:12 INFO  org.hibernate.type.BasicTypeRegistry     - HHH000270: Type registration [java.util.UUID] overrides previous : org.hibernate.type.UUIDBinaryType@2d29b4ee
12-10-2017 12:00:37 INFO  org.hibernate.Version     - HHH000412: Hibernate Core {5.2.10.Final}
12-10-2017 12:00:37 INFO  org.hibernate.cfg.Environment     - HHH000206: hibernate.properties not found
12-10-2017 12:00:37 INFO  org.hibernate.annotations.common.Version     - HCANN000001: Hibernate Commons Annotations {5.0.1.Final}
12-10-2017 12:01:13 INFO  org.hibernate.Version     - HHH000412: Hibernate Core {5.2.10.Final}
12-10-2017 12:01:13 INFO  org.hibernate.cfg.Environment     - HHH000206: hibernate.properties not found
12-10-2017 12:01:14 INFO  org.hibernate.annotations.common.Version     - HCANN000001: Hibernate Commons Annotations {5.0.1.Final}
12-10-2017 12:01:17 INFO  org.hibernate.dialect.Dialect     - HHH000400: Using dialect: org.hibernate.dialect.PostgreSQLDialect
12-10-2017 12:01:17 INFO  org.hibernate.engine.jdbc.env.internal.LobCreatorBuilderImpl     - HHH000422: Disabling contextual LOB creation as connection was null
12-10-2017 12:01:17 INFO  org.hibernate.type.BasicTypeRegistry     - HHH000270: Type registration [java.util.UUID] overrides previous : org.hibernate.type.UUIDBinaryType@2f953efd
12-10-2017 12:01:18 WARN  org.hibernate.orm.connections.pooling     - HHH10001002: Using Hibernate built-in connection pool (not for production use!)
12-10-2017 12:01:18 INFO  org.hibernate.orm.connections.pooling     - HHH10001005: using driver [org.postgresql.Driver] at URL [jdbc:postgresql://localhost:5433/docChangeDb]
12-10-2017 12:01:18 INFO  org.hibernate.orm.connections.pooling     - HHH10001001: Connection properties: {user=postgres, password=****, autocommit=false, pool_size=1}
12-10-2017 12:01:18 INFO  org.hibernate.orm.connections.pooling     - HHH10001003: Autocommit mode: false
12-10-2017 12:01:18 INFO  org.hibernate.engine.jdbc.connections.internal.DriverManagerConnectionProviderImpl     - HHH000115: Hibernate connection pool size: 20 (min=1)
12-10-2017 12:01:18 WARN  org.hibernate.engine.jdbc.spi.SqlExceptionHelper     - SQL Error: 0, SQLState: 42P01
12-10-2017 12:01:18 ERROR org.hibernate.engine.jdbc.spi.SqlExceptionHelper     - ОШИБКА: отношение "user_logins" не существует
  Позиция: 13
12-10-2017 12:01:18 INFO  org.hibernate.engine.jdbc.batch.internal.AbstractBatchImpl     - HHH000010: On release of batch it still contained JDBC statements
12-10-2017 12:01:18 ERROR org.hibernate.internal.ExceptionMapperStandardImpl     - HHH000346: Error during managed flush [org.hibernate.exception.SQLGrammarException: could not execute statement]
12-10-2017 12:03:26 INFO  org.hibernate.Version     - HHH000412: Hibernate Core {5.2.10.Final}
12-10-2017 12:03:26 INFO  org.hibernate.cfg.Environment     - HHH000206: hibernate.properties not found
12-10-2017 12:03:27 INFO  org.hibernate.annotations.common.Version     - HCANN000001: Hibernate Commons Annotations {5.0.1.Final}
12-10-2017 12:03:51 INFO  org.hibernate.Version     - HHH000412: Hibernate Core {5.2.10.Final}
12-10-2017 12:03:51 INFO  org.hibernate.cfg.Environment     - HHH000206: hibernate.properties not found
12-10-2017 12:03:52 INFO  org.hibernate.annotations.common.Version     - HCANN000001: Hibernate Commons Annotations {5.0.1.Final}
12-10-2017 12:12:50 INFO  org.hibernate.Version     - HHH000412: Hibernate Core {5.2.10.Final}
12-10-2017 12:12:50 INFO  org.hibernate.cfg.Environment     - HHH000206: hibernate.properties not found
12-10-2017 12:12:51 INFO  org.hibernate.annotations.common.Version     - HCANN000001: Hibernate Commons Annotations {5.0.1.Final}
12-10-2017 12:14:58 INFO  org.hibernate.Version     - HHH000412: Hibernate Core {5.2.10.Final}
12-10-2017 12:14:58 INFO  org.hibernate.cfg.Environment     - HHH000206: hibernate.properties not found
12-10-2017 12:14:58 INFO  org.hibernate.annotations.common.Version     - HCANN000001: Hibernate Commons Annotations {5.0.1.Final}
12-10-2017 12:15:00 INFO  org.hibernate.dialect.Dialect     - HHH000400: Using dialect: org.hibernate.dialect.PostgreSQLDialect
12-10-2017 12:15:00 INFO  org.hibernate.engine.jdbc.env.internal.LobCreatorBuilderImpl     - HHH000422: Disabling contextual LOB creation as connection was null
12-10-2017 12:15:00 INFO  org.hibernate.type.BasicTypeRegistry     - HHH000270: Type registration [java.util.UUID] overrides previous : org.hibernate.type.UUIDBinaryType@2d29b4ee
12-10-2017 12:18:41 INFO  org.hibernate.Version     - HHH000412: Hibernate Core {5.2.10.Final}
12-10-2017 12:18:41 INFO  org.hibernate.cfg.Environment     - HHH000206: hibernate.properties not found
12-10-2017 12:18:42 INFO  org.hibernate.annotations.common.Version     - HCANN000001: Hibernate Commons Annotations {5.0.1.Final}
12-10-2017 12:18:44 INFO  org.hibernate.dialect.Dialect     - HHH000400: Using dialect: org.hibernate.dialect.PostgreSQLDialect
12-10-2017 12:18:44 INFO  org.hibernate.engine.jdbc.env.internal.LobCreatorBuilderImpl     - HHH000422: Disabling contextual LOB creation as connection was null
12-10-2017 12:18:44 INFO  org.hibernate.type.BasicTypeRegistry     - HHH000270: Type registration [java.util.UUID] overrides previous : org.hibernate.type.UUIDBinaryType@2f953efd
12-10-2017 12:26:46 INFO  org.hibernate.Version     - HHH000412: Hibernate Core {5.2.10.Final}
12-10-2017 12:26:46 INFO  org.hibernate.cfg.Environment     - HHH000206: hibernate.properties not found
12-10-2017 12:26:47 INFO  org.hibernate.annotations.common.Version     - HCANN000001: Hibernate Commons Annotations {5.0.1.Final}
12-10-2017 12:27:17 INFO  org.hibernate.Version     - HHH000412: Hibernate Core {5.2.10.Final}
12-10-2017 12:27:17 INFO  org.hibernate.cfg.Environment     - HHH000206: hibernate.properties not found
12-10-2017 12:27:17 INFO  org.hibernate.annotations.common.Version     - HCANN000001: Hibernate Commons Annotations {5.0.1.Final}
12-10-2017 12:27:20 INFO  org.hibernate.dialect.Dialect     - HHH000400: Using dialect: org.hibernate.dialect.PostgreSQLDialect
12-10-2017 12:27:20 INFO  org.hibernate.engine.jdbc.env.internal.LobCreatorBuilderImpl     - HHH000422: Disabling contextual LOB creation as connection was null
12-10-2017 12:27:20 INFO  org.hibernate.type.BasicTypeRegistry     - HHH000270: Type registration [java.util.UUID] overrides previous : org.hibernate.type.UUIDBinaryType@2d29b4ee
12-10-2017 12:27:42 INFO  org.hibernate.Version     - HHH000412: Hibernate Core {5.2.10.Final}
12-10-2017 12:27:42 INFO  org.hibernate.cfg.Environment     - HHH000206: hibernate.properties not found
12-10-2017 12:27:43 INFO  org.hibernate.annotations.common.Version     - HCANN000001: Hibernate Commons Annotations {5.0.1.Final}
12-10-2017 12:27:45 INFO  org.hibernate.dialect.Dialect     - HHH000400: Using dialect: org.hibernate.dialect.PostgreSQLDialect
12-10-2017 12:27:45 INFO  org.hibernate.engine.jdbc.env.internal.LobCreatorBuilderImpl     - HHH000422: Disabling contextual LOB creation as connection was null
12-10-2017 12:27:45 INFO  org.hibernate.type.BasicTypeRegistry     - HHH000270: Type registration [java.util.UUID] overrides previous : org.hibernate.type.UUIDBinaryType@2d29b4ee
12-10-2017 12:29:09 INFO  org.hibernate.Version     - HHH000412: Hibernate Core {5.2.10.Final}
12-10-2017 12:29:09 INFO  org.hibernate.cfg.Environment     - HHH000206: hibernate.properties not found
12-10-2017 12:29:10 INFO  org.hibernate.annotations.common.Version     - HCANN000001: Hibernate Commons Annotations {5.0.1.Final}
12-10-2017 12:29:12 INFO  org.hibernate.dialect.Dialect     - HHH000400: Using dialect: org.hibernate.dialect.PostgreSQLDialect
12-10-2017 12:29:12 INFO  org.hibernate.engine.jdbc.env.internal.LobCreatorBuilderImpl     - HHH000422: Disabling contextual LOB creation as connection was null
12-10-2017 12:29:12 INFO  org.hibernate.type.BasicTypeRegistry     - HHH000270: Type registration [java.util.UUID] overrides previous : org.hibernate.type.UUIDBinaryType@2f953efd
12-10-2017 12:29:29 INFO  org.hibernate.Version     - HHH000412: Hibernate Core {5.2.10.Final}
12-10-2017 12:29:29 INFO  org.hibernate.cfg.Environment     - HHH000206: hibernate.properties not found
12-10-2017 12:29:30 INFO  org.hibernate.annotations.common.Version     - HCANN000001: Hibernate Commons Annotations {5.0.1.Final}
12-10-2017 12:29:32 INFO  org.hibernate.dialect.Dialect     - HHH000400: Using dialect: org.hibernate.dialect.PostgreSQLDialect
12-10-2017 12:29:32 INFO  org.hibernate.engine.jdbc.env.internal.LobCreatorBuilderImpl     - HHH000422: Disabling contextual LOB creation as connection was null
12-10-2017 12:29:32 INFO  org.hibernate.type.BasicTypeRegistry     - HHH000270: Type registration [java.util.UUID] overrides previous : org.hibernate.type.UUIDBinaryType@2f953efd
12-10-2017 12:31:34 INFO  org.hibernate.Version     - HHH000412: Hibernate Core {5.2.10.Final}
12-10-2017 12:31:34 INFO  org.hibernate.cfg.Environment     - HHH000206: hibernate.properties not found
12-10-2017 12:31:34 INFO  org.hibernate.annotations.common.Version     - HCANN000001: Hibernate Commons Annotations {5.0.1.Final}
12-10-2017 12:31:37 INFO  org.hibernate.dialect.Dialect     - HHH000400: Using dialect: org.hibernate.dialect.PostgreSQLDialect
12-10-2017 12:31:37 INFO  org.hibernate.engine.jdbc.env.internal.LobCreatorBuilderImpl     - HHH000422: Disabling contextual LOB creation as connection was null
12-10-2017 12:31:37 INFO  org.hibernate.type.BasicTypeRegistry     - HHH000270: Type registration [java.util.UUID] overrides previous : org.hibernate.type.UUIDBinaryType@2f953efd
12-10-2017 12:31:38 WARN  org.hibernate.orm.connections.pooling     - HHH10001002: Using Hibernate built-in connection pool (not for production use!)
12-10-2017 12:31:38 INFO  org.hibernate.orm.connections.pooling     - HHH10001005: using driver [org.postgresql.Driver] at URL [jdbc:postgresql://localhost:5433/docChangeDb]
12-10-2017 12:31:38 INFO  org.hibernate.orm.connections.pooling     - HHH10001001: Connection properties: {user=postgres, password=****, autocommit=false, pool_size=1}
12-10-2017 12:31:38 INFO  org.hibernate.orm.connections.pooling     - HHH10001003: Autocommit mode: false
12-10-2017 12:31:38 INFO  org.hibernate.engine.jdbc.connections.internal.DriverManagerConnectionProviderImpl     - HHH000115: Hibernate connection pool size: 20 (min=1)
12-10-2017 12:32:51 INFO  org.hibernate.Version     - HHH000412: Hibernate Core {5.2.10.Final}
12-10-2017 12:32:51 INFO  org.hibernate.cfg.Environment     - HHH000206: hibernate.properties not found
12-10-2017 12:32:51 INFO  org.hibernate.annotations.common.Version     - HCANN000001: Hibernate Commons Annotations {5.0.1.Final}
12-10-2017 12:32:53 INFO  org.hibernate.dialect.Dialect     - HHH000400: Using dialect: org.hibernate.dialect.PostgreSQLDialect
12-10-2017 12:32:53 INFO  org.hibernate.engine.jdbc.env.internal.LobCreatorBuilderImpl     - HHH000422: Disabling contextual LOB creation as connection was null
12-10-2017 12:32:53 INFO  org.hibernate.type.BasicTypeRegistry     - HHH000270: Type registration [java.util.UUID] overrides previous : org.hibernate.type.UUIDBinaryType@2f953efd
12-10-2017 12:32:55 WARN  org.hibernate.orm.connections.pooling     - HHH10001002: Using Hibernate built-in connection pool (not for production use!)
12-10-2017 12:32:55 INFO  org.hibernate.orm.connections.pooling     - HHH10001005: using driver [org.postgresql.Driver] at URL [jdbc:postgresql://localhost:5433/docChangeDb]
12-10-2017 12:32:55 INFO  org.hibernate.orm.connections.pooling     - HHH10001001: Connection properties: {user=postgres, password=****, autocommit=false, pool_size=1}
12-10-2017 12:32:55 INFO  org.hibernate.orm.connections.pooling     - HHH10001003: Autocommit mode: false
12-10-2017 12:32:55 INFO  org.hibernate.engine.jdbc.connections.internal.DriverManagerConnectionProviderImpl     - HHH000115: Hibernate connection pool size: 20 (min=1)
12-10-2017 12:32:55 WARN  org.hibernate.engine.jdbc.spi.SqlExceptionHelper     - SQL Error: 0, SQLState: 42703
12-10-2017 12:32:55 ERROR org.hibernate.engine.jdbc.spi.SqlExceptionHelper     - ОШИБКА: колонка "user_id" в таблице "client" не существует
  Позиция: 21
12-10-2017 12:32:55 INFO  org.hibernate.engine.jdbc.batch.internal.AbstractBatchImpl     - HHH000010: On release of batch it still contained JDBC statements
12-10-2017 12:32:55 ERROR org.hibernate.internal.ExceptionMapperStandardImpl     - HHH000346: Error during managed flush [org.hibernate.exception.SQLGrammarException: could not execute statement]
12-10-2017 12:33:30 INFO  org.hibernate.Version     - HHH000412: Hibernate Core {5.2.10.Final}
12-10-2017 12:33:30 INFO  org.hibernate.cfg.Environment     - HHH000206: hibernate.properties not found
12-10-2017 12:33:31 INFO  org.hibernate.annotations.common.Version     - HCANN000001: Hibernate Commons Annotations {5.0.1.Final}
12-10-2017 12:33:33 INFO  org.hibernate.dialect.Dialect     - HHH000400: Using dialect: org.hibernate.dialect.PostgreSQLDialect
12-10-2017 12:33:33 INFO  org.hibernate.engine.jdbc.env.internal.LobCreatorBuilderImpl     - HHH000422: Disabling contextual LOB creation as connection was null
12-10-2017 12:33:33 INFO  org.hibernate.type.BasicTypeRegistry     - HHH000270: Type registration [java.util.UUID] overrides previous : org.hibernate.type.UUIDBinaryType@2d29b4ee
12-10-2017 12:33:34 WARN  org.hibernate.orm.connections.pooling     - HHH10001002: Using Hibernate built-in connection pool (not for production use!)
12-10-2017 12:33:34 INFO  org.hibernate.orm.connections.pooling     - HHH10001005: using driver [org.postgresql.Driver] at URL [jdbc:postgresql://localhost:5433/docChangeDb]
12-10-2017 12:33:34 INFO  org.hibernate.orm.connections.pooling     - HHH10001001: Connection properties: {user=postgres, password=****, autocommit=false, pool_size=1}
12-10-2017 12:33:34 INFO  org.hibernate.orm.connections.pooling     - HHH10001003: Autocommit mode: false
12-10-2017 12:33:34 INFO  org.hibernate.engine.jdbc.connections.internal.DriverManagerConnectionProviderImpl     - HHH000115: Hibernate connection pool size: 20 (min=1)
12-10-2017 12:33:35 WARN  org.hibernate.engine.jdbc.spi.SqlExceptionHelper     - SQL Error: 0, SQLState: 42703
12-10-2017 12:33:35 ERROR org.hibernate.engine.jdbc.spi.SqlExceptionHelper     - ОШИБКА: колонка "login" в таблице "client" не существует
  Позиция: 25
12-10-2017 12:33:35 INFO  org.hibernate.engine.jdbc.batch.internal.AbstractBatchImpl     - HHH000010: On release of batch it still contained JDBC statements
12-10-2017 12:33:35 ERROR org.hibernate.internal.ExceptionMapperStandardImpl     - HHH000346: Error during managed flush [org.hibernate.exception.SQLGrammarException: could not execute statement]
12-10-2017 12:34:03 INFO  org.hibernate.Version     - HHH000412: Hibernate Core {5.2.10.Final}
12-10-2017 12:34:03 INFO  org.hibernate.cfg.Environment     - HHH000206: hibernate.properties not found
12-10-2017 12:34:04 INFO  org.hibernate.annotations.common.Version     - HCANN000001: Hibernate Commons Annotations {5.0.1.Final}
12-10-2017 12:34:06 INFO  org.hibernate.dialect.Dialect     - HHH000400: Using dialect: org.hibernate.dialect.PostgreSQLDialect
12-10-2017 12:34:06 INFO  org.hibernate.engine.jdbc.env.internal.LobCreatorBuilderImpl     - HHH000422: Disabling contextual LOB creation as connection was null
12-10-2017 12:34:06 INFO  org.hibernate.type.BasicTypeRegistry     - HHH000270: Type registration [java.util.UUID] overrides previous : org.hibernate.type.UUIDBinaryType@2d29b4ee
12-10-2017 12:34:07 WARN  org.hibernate.orm.connections.pooling     - HHH10001002: Using Hibernate built-in connection pool (not for production use!)
12-10-2017 12:34:07 INFO  org.hibernate.orm.connections.pooling     - HHH10001005: using driver [org.postgresql.Driver] at URL [jdbc:postgresql://localhost:5433/docChangeDb]
12-10-2017 12:34:07 INFO  org.hibernate.orm.connections.pooling     - HHH10001001: Connection properties: {user=postgres, password=****, autocommit=false, pool_size=1}
12-10-2017 12:34:07 INFO  org.hibernate.orm.connections.pooling     - HHH10001003: Autocommit mode: false
12-10-2017 12:34:07 INFO  org.hibernate.engine.jdbc.connections.internal.DriverManagerConnectionProviderImpl     - HHH000115: Hibernate connection pool size: 20 (min=1)
12-10-2017 12:34:08 WARN  org.hibernate.engine.jdbc.spi.SqlExceptionHelper     - SQL Error: 0, SQLState: 22P02
12-10-2017 12:34:08 ERROR org.hibernate.engine.jdbc.spi.SqlExceptionHelper     - ОШИБКА: значение массива должно начинаться с "{" или указания размерности
12-10-2017 12:34:08 INFO  org.hibernate.engine.jdbc.batch.internal.AbstractBatchImpl     - HHH000010: On release of batch it still contained JDBC statements
12-10-2017 12:34:08 ERROR org.hibernate.internal.ExceptionMapperStandardImpl     - HHH000346: Error during managed flush [org.hibernate.exception.DataException: could not execute statement]
12-10-2017 12:34:39 INFO  org.hibernate.Version     - HHH000412: Hibernate Core {5.2.10.Final}
12-10-2017 12:34:39 INFO  org.hibernate.cfg.Environment     - HHH000206: hibernate.properties not found
12-10-2017 12:34:40 INFO  org.hibernate.annotations.common.Version     - HCANN000001: Hibernate Commons Annotations {5.0.1.Final}
12-10-2017 12:34:42 INFO  org.hibernate.dialect.Dialect     - HHH000400: Using dialect: org.hibernate.dialect.PostgreSQLDialect
12-10-2017 12:34:42 INFO  org.hibernate.engine.jdbc.env.internal.LobCreatorBuilderImpl     - HHH000422: Disabling contextual LOB creation as connection was null
12-10-2017 12:34:42 INFO  org.hibernate.type.BasicTypeRegistry     - HHH000270: Type registration [java.util.UUID] overrides previous : org.hibernate.type.UUIDBinaryType@2f953efd
12-10-2017 12:34:43 WARN  org.hibernate.orm.connections.pooling     - HHH10001002: Using Hibernate built-in connection pool (not for production use!)
12-10-2017 12:34:43 INFO  org.hibernate.orm.connections.pooling     - HHH10001005: using driver [org.postgresql.Driver] at URL [jdbc:postgresql://localhost:5433/docChangeDb]
12-10-2017 12:34:43 INFO  org.hibernate.orm.connections.pooling     - HHH10001001: Connection properties: {user=postgres, password=****, autocommit=false, pool_size=1}
12-10-2017 12:34:43 INFO  org.hibernate.orm.connections.pooling     - HHH10001003: Autocommit mode: false
12-10-2017 12:34:43 INFO  org.hibernate.engine.jdbc.connections.internal.DriverManagerConnectionProviderImpl     - HHH000115: Hibernate connection pool size: 20 (min=1)
12-10-2017 12:34:43 WARN  org.hibernate.engine.jdbc.spi.SqlExceptionHelper     - SQL Error: 0, SQLState: 42703
12-10-2017 12:34:43 ERROR org.hibernate.engine.jdbc.spi.SqlExceptionHelper     - ОШИБКА: колонка "logins" в таблице "client" не существует
  Позиция: 25
12-10-2017 12:34:43 INFO  org.hibernate.engine.jdbc.batch.internal.AbstractBatchImpl     - HHH000010: On release of batch it still contained JDBC statements
12-10-2017 12:34:43 ERROR org.hibernate.internal.ExceptionMapperStandardImpl     - HHH000346: Error during managed flush [org.hibernate.exception.SQLGrammarException: could not execute statement]
12-10-2017 13:20:18 INFO  org.hibernate.Version     - HHH000412: Hibernate Core {5.2.10.Final}
12-10-2017 13:20:18 INFO  org.hibernate.cfg.Environment     - HHH000206: hibernate.properties not found
12-10-2017 13:20:18 INFO  org.hibernate.annotations.common.Version     - HCANN000001: Hibernate Commons Annotations {5.0.1.Final}
12-10-2017 13:20:20 INFO  org.hibernate.dialect.Dialect     - HHH000400: Using dialect: org.hibernate.dialect.PostgreSQLDialect
12-10-2017 13:20:20 INFO  org.hibernate.engine.jdbc.env.internal.LobCreatorBuilderImpl     - HHH000422: Disabling contextual LOB creation as connection was null
12-10-2017 13:20:20 INFO  org.hibernate.type.BasicTypeRegistry     - HHH000270: Type registration [java.util.UUID] overrides previous : org.hibernate.type.UUIDBinaryType@2f953efd
12-10-2017 13:20:22 WARN  org.hibernate.orm.connections.pooling     - HHH10001002: Using Hibernate built-in connection pool (not for production use!)
12-10-2017 13:20:22 INFO  org.hibernate.orm.connections.pooling     - HHH10001005: using driver [org.postgresql.Driver] at URL [jdbc:postgresql://localhost:5433/docChangeDb]
12-10-2017 13:20:22 INFO  org.hibernate.orm.connections.pooling     - HHH10001001: Connection properties: {user=postgres, password=****, autocommit=false, pool_size=1}
12-10-2017 13:20:22 INFO  org.hibernate.orm.connections.pooling     - HHH10001003: Autocommit mode: false
12-10-2017 13:20:22 INFO  org.hibernate.engine.jdbc.connections.internal.DriverManagerConnectionProviderImpl     - HHH000115: Hibernate connection pool size: 20 (min=1)
12-10-2017 13:20:22 WARN  org.hibernate.engine.jdbc.spi.SqlExceptionHelper     - SQL Error: 0, SQLState: 23505
12-10-2017 13:20:22 ERROR org.hibernate.engine.jdbc.spi.SqlExceptionHelper     - ОШИБКА: повторяющееся значение ключа нарушает ограничение уникальности "user_pkey"
  Подробности: Ключ "(id)=(49)" уже существует.
12-10-2017 13:20:22 INFO  org.hibernate.engine.jdbc.batch.internal.AbstractBatchImpl     - HHH000010: On release of batch it still contained JDBC statements
12-10-2017 13:20:22 ERROR org.hibernate.internal.ExceptionMapperStandardImpl     - HHH000346: Error during managed flush [org.hibernate.exception.ConstraintViolationException: could not execute statement]
12-10-2017 13:23:49 INFO  org.hibernate.Version     - HHH000412: Hibernate Core {5.2.10.Final}
12-10-2017 13:23:49 INFO  org.hibernate.cfg.Environment     - HHH000206: hibernate.properties not found
12-10-2017 13:23:49 INFO  org.hibernate.annotations.common.Version     - HCANN000001: Hibernate Commons Annotations {5.0.1.Final}
12-10-2017 13:23:51 INFO  org.hibernate.dialect.Dialect     - HHH000400: Using dialect: org.hibernate.dialect.PostgreSQLDialect
12-10-2017 13:23:51 INFO  org.hibernate.engine.jdbc.env.internal.LobCreatorBuilderImpl     - HHH000422: Disabling contextual LOB creation as connection was null
12-10-2017 13:23:51 INFO  org.hibernate.type.BasicTypeRegistry     - HHH000270: Type registration [java.util.UUID] overrides previous : org.hibernate.type.UUIDBinaryType@2d29b4ee
12-10-2017 13:33:32 INFO  org.hibernate.Version     - HHH000412: Hibernate Core {5.2.10.Final}
12-10-2017 13:33:32 INFO  org.hibernate.cfg.Environment     - HHH000206: hibernate.properties not found
12-10-2017 13:33:33 INFO  org.hibernate.annotations.common.Version     - HCANN000001: Hibernate Commons Annotations {5.0.1.Final}
12-10-2017 13:33:35 INFO  org.hibernate.dialect.Dialect     - HHH000400: Using dialect: org.hibernate.dialect.PostgreSQLDialect
12-10-2017 13:33:35 INFO  org.hibernate.engine.jdbc.env.internal.LobCreatorBuilderImpl     - HHH000422: Disabling contextual LOB creation as connection was null
12-10-2017 13:33:35 INFO  org.hibernate.type.BasicTypeRegistry     - HHH000270: Type registration [java.util.UUID] overrides previous : org.hibernate.type.UUIDBinaryType@2f953efd
12-10-2017 13:33:36 WARN  org.hibernate.orm.connections.pooling     - HHH10001002: Using Hibernate built-in connection pool (not for production use!)
12-10-2017 13:33:36 INFO  org.hibernate.orm.connections.pooling     - HHH10001005: using driver [org.postgresql.Driver] at URL [jdbc:postgresql://localhost:5433/docChangeDb]
12-10-2017 13:33:36 INFO  org.hibernate.orm.connections.pooling     - HHH10001001: Connection properties: {user=postgres, password=****, autocommit=false, pool_size=1}
12-10-2017 13:33:36 INFO  org.hibernate.orm.connections.pooling     - HHH10001003: Autocommit mode: false
12-10-2017 13:33:36 INFO  org.hibernate.engine.jdbc.connections.internal.DriverManagerConnectionProviderImpl     - HHH000115: Hibernate connection pool size: 20 (min=1)
12-10-2017 13:33:37 WARN  org.hibernate.engine.jdbc.spi.SqlExceptionHelper     - SQL Error: 0, SQLState: 23505
12-10-2017 13:33:37 ERROR org.hibernate.engine.jdbc.spi.SqlExceptionHelper     - ОШИБКА: повторяющееся значение ключа нарушает ограничение уникальности "user_pkey"
  Подробности: Ключ "(id)=(49)" уже существует.
12-10-2017 13:33:37 INFO  org.hibernate.engine.jdbc.batch.internal.AbstractBatchImpl     - HHH000010: On release of batch it still contained JDBC statements
12-10-2017 13:33:37 ERROR org.hibernate.internal.ExceptionMapperStandardImpl     - HHH000346: Error during managed flush [org.hibernate.exception.ConstraintViolationException: could not execute statement]
12-10-2017 13:52:19 INFO  org.hibernate.Version     - HHH000412: Hibernate Core {5.2.10.Final}
12-10-2017 13:52:19 INFO  org.hibernate.cfg.Environment     - HHH000206: hibernate.properties not found
12-10-2017 13:52:19 INFO  org.hibernate.annotations.common.Version     - HCANN000001: Hibernate Commons Annotations {5.0.1.Final}
12-10-2017 13:52:22 INFO  org.hibernate.dialect.Dialect     - HHH000400: Using dialect: org.hibernate.dialect.PostgreSQLDialect
12-10-2017 13:52:22 INFO  org.hibernate.engine.jdbc.env.internal.LobCreatorBuilderImpl     - HHH000422: Disabling contextual LOB creation as connection was null
12-10-2017 13:52:22 INFO  org.hibernate.type.BasicTypeRegistry     - HHH000270: Type registration [java.util.UUID] overrides previous : org.hibernate.type.UUIDBinaryType@2f953efd
12-10-2017 13:52:23 WARN  org.hibernate.orm.connections.pooling     - HHH10001002: Using Hibernate built-in connection pool (not for production use!)
12-10-2017 13:52:23 INFO  org.hibernate.orm.connections.pooling     - HHH10001005: using driver [org.postgresql.Driver] at URL [jdbc:postgresql://localhost:5433/docChangeDb]
12-10-2017 13:52:23 INFO  org.hibernate.orm.connections.pooling     - HHH10001001: Connection properties: {user=postgres, password=****, autocommit=false, pool_size=1}
12-10-2017 13:52:23 INFO  org.hibernate.orm.connections.pooling     - HHH10001003: Autocommit mode: false
12-10-2017 13:52:23 INFO  org.hibernate.engine.jdbc.connections.internal.DriverManagerConnectionProviderImpl     - HHH000115: Hibernate connection pool size: 20 (min=1)
12-10-2017 13:52:23 INFO  org.apache.commons.logging.impl.Log4JLogger     - Added new Department to data base. docchange.my.Dep@2ca47471
12-10-2017 13:53:02 INFO  org.hibernate.Version     - HHH000412: Hibernate Core {5.2.10.Final}
12-10-2017 13:53:02 INFO  org.hibernate.cfg.Environment     - HHH000206: hibernate.properties not found
12-10-2017 13:53:02 INFO  org.hibernate.annotations.common.Version     - HCANN000001: Hibernate Commons Annotations {5.0.1.Final}
12-10-2017 13:53:05 INFO  org.hibernate.dialect.Dialect     - HHH000400: Using dialect: org.hibernate.dialect.PostgreSQLDialect
12-10-2017 13:53:05 INFO  org.hibernate.engine.jdbc.env.internal.LobCreatorBuilderImpl     - HHH000422: Disabling contextual LOB creation as connection was null
12-10-2017 13:53:05 INFO  org.hibernate.type.BasicTypeRegistry     - HHH000270: Type registration [java.util.UUID] overrides previous : org.hibernate.type.UUIDBinaryType@2d29b4ee
12-10-2017 13:53:06 WARN  org.hibernate.orm.connections.pooling     - HHH10001002: Using Hibernate built-in connection pool (not for production use!)
12-10-2017 13:53:06 INFO  org.hibernate.orm.connections.pooling     - HHH10001005: using driver [org.postgresql.Driver] at URL [jdbc:postgresql://localhost:5433/docChangeDb]
12-10-2017 13:53:06 INFO  org.hibernate.orm.connections.pooling     - HHH10001001: Connection properties: {user=postgres, password=****, autocommit=false, pool_size=1}
12-10-2017 13:53:06 INFO  org.hibernate.orm.connections.pooling     - HHH10001003: Autocommit mode: false
12-10-2017 13:53:06 INFO  org.hibernate.engine.jdbc.connections.internal.DriverManagerConnectionProviderImpl     - HHH000115: Hibernate connection pool size: 20 (min=1)
12-10-2017 13:53:06 WARN  org.hibernate.engine.jdbc.spi.SqlExceptionHelper     - SQL Error: 0, SQLState: 23505
12-10-2017 13:53:06 ERROR org.hibernate.engine.jdbc.spi.SqlExceptionHelper     - ОШИБКА: повторяющееся значение ключа нарушает ограничение уникальности "record_pkey"
  Подробности: Ключ "(id)=(0)" уже существует.
12-10-2017 13:53:06 INFO  org.hibernate.engine.jdbc.batch.internal.AbstractBatchImpl     - HHH000010: On release of batch it still contained JDBC statements
12-10-2017 13:53:06 ERROR org.hibernate.internal.ExceptionMapperStandardImpl     - HHH000346: Error during managed flush [org.hibernate.exception.ConstraintViolationException: could not execute statement]
12-10-2017 13:53:43 INFO  org.hibernate.Version     - HHH000412: Hibernate Core {5.2.10.Final}
12-10-2017 13:53:43 INFO  org.hibernate.cfg.Environment     - HHH000206: hibernate.properties not found
12-10-2017 13:53:44 INFO  org.hibernate.annotations.common.Version     - HCANN000001: Hibernate Commons Annotations {5.0.1.Final}
12-10-2017 13:53:46 INFO  org.hibernate.dialect.Dialect     - HHH000400: Using dialect: org.hibernate.dialect.PostgreSQLDialect
12-10-2017 13:53:46 INFO  org.hibernate.engine.jdbc.env.internal.LobCreatorBuilderImpl     - HHH000422: Disabling contextual LOB creation as connection was null
12-10-2017 13:53:46 INFO  org.hibernate.type.BasicTypeRegistry     - HHH000270: Type registration [java.util.UUID] overrides previous : org.hibernate.type.UUIDBinaryType@2f953efd
12-10-2017 13:53:47 WARN  org.hibernate.orm.connections.pooling     - HHH10001002: Using Hibernate built-in connection pool (not for production use!)
12-10-2017 13:53:47 INFO  org.hibernate.orm.connections.pooling     - HHH10001005: using driver [org.postgresql.Driver] at URL [jdbc:postgresql://localhost:5433/docChangeDb]
12-10-2017 13:53:47 INFO  org.hibernate.orm.connections.pooling     - HHH10001001: Connection properties: {user=postgres, password=****, autocommit=false, pool_size=1}
12-10-2017 13:53:47 INFO  org.hibernate.orm.connections.pooling     - HHH10001003: Autocommit mode: false
12-10-2017 13:53:47 INFO  org.hibernate.engine.jdbc.connections.internal.DriverManagerConnectionProviderImpl     - HHH000115: Hibernate connection pool size: 20 (min=1)
12-10-2017 13:53:48 WARN  org.hibernate.engine.jdbc.spi.SqlExceptionHelper     - SQL Error: 0, SQLState: 23505
12-10-2017 13:53:48 ERROR org.hibernate.engine.jdbc.spi.SqlExceptionHelper     - ОШИБКА: повторяющееся значение ключа нарушает ограничение уникальности "record_pkey"
  Подробности: Ключ "(id)=(0)" уже существует.
12-10-2017 13:53:48 INFO  org.hibernate.engine.jdbc.batch.internal.AbstractBatchImpl     - HHH000010: On release of batch it still contained JDBC statements
12-10-2017 13:53:48 ERROR org.hibernate.internal.ExceptionMapperStandardImpl     - HHH000346: Error during managed flush [org.hibernate.exception.ConstraintViolationException: could not execute statement]
12-10-2017 13:54:12 INFO  org.hibernate.Version     - HHH000412: Hibernate Core {5.2.10.Final}
12-10-2017 13:54:12 INFO  org.hibernate.cfg.Environment     - HHH000206: hibernate.properties not found
12-10-2017 13:54:12 INFO  org.hibernate.annotations.common.Version     - HCANN000001: Hibernate Commons Annotations {5.0.1.Final}
12-10-2017 13:54:14 INFO  org.hibernate.dialect.Dialect     - HHH000400: Using dialect: org.hibernate.dialect.PostgreSQLDialect
12-10-2017 13:54:14 INFO  org.hibernate.engine.jdbc.env.internal.LobCreatorBuilderImpl     - HHH000422: Disabling contextual LOB creation as connection was null
12-10-2017 13:54:14 INFO  org.hibernate.type.BasicTypeRegistry     - HHH000270: Type registration [java.util.UUID] overrides previous : org.hibernate.type.UUIDBinaryType@2d29b4ee
12-10-2017 13:54:16 WARN  org.hibernate.orm.connections.pooling     - HHH10001002: Using Hibernate built-in connection pool (not for production use!)
12-10-2017 13:54:16 INFO  org.hibernate.orm.connections.pooling     - HHH10001005: using driver [org.postgresql.Driver] at URL [jdbc:postgresql://localhost:5433/docChangeDb]
12-10-2017 13:54:16 INFO  org.hibernate.orm.connections.pooling     - HHH10001001: Connection properties: {user=postgres, password=****, autocommit=false, pool_size=1}
12-10-2017 13:54:16 INFO  org.hibernate.orm.connections.pooling     - HHH10001003: Autocommit mode: false
12-10-2017 13:54:16 INFO  org.hibernate.engine.jdbc.connections.internal.DriverManagerConnectionProviderImpl     - HHH000115: Hibernate connection pool size: 20 (min=1)
12-10-2017 13:54:16 INFO  org.apache.commons.logging.impl.Log4JLogger     - Added new Department to data base. docchange.my.Dep@327120c8
12-10-2017 14:14:10 INFO  org.hibernate.Version     - HHH000412: Hibernate Core {5.2.10.Final}
12-10-2017 14:14:10 INFO  org.hibernate.cfg.Environment     - HHH000206: hibernate.properties not found
12-10-2017 14:14:10 INFO  org.hibernate.annotations.common.Version     - HCANN000001: Hibernate Commons Annotations {5.0.1.Final}
12-10-2017 14:14:12 INFO  org.hibernate.dialect.Dialect     - HHH000400: Using dialect: org.hibernate.dialect.PostgreSQLDialect
12-10-2017 14:14:12 INFO  org.hibernate.engine.jdbc.env.internal.LobCreatorBuilderImpl     - HHH000422: Disabling contextual LOB creation as connection was null
12-10-2017 14:14:13 INFO  org.hibernate.type.BasicTypeRegistry     - HHH000270: Type registration [java.util.UUID] overrides previous : org.hibernate.type.UUIDBinaryType@2d29b4ee
12-10-2017 14:14:14 WARN  org.hibernate.orm.connections.pooling     - HHH10001002: Using Hibernate built-in connection pool (not for production use!)
12-10-2017 14:14:14 INFO  org.hibernate.orm.connections.pooling     - HHH10001005: using driver [org.postgresql.Driver] at URL [jdbc:postgresql://localhost:5433/docChangeDb]
12-10-2017 14:14:14 INFO  org.hibernate.orm.connections.pooling     - HHH10001001: Connection properties: {user=postgres, password=****, autocommit=false, pool_size=1}
12-10-2017 14:14:14 INFO  org.hibernate.orm.connections.pooling     - HHH10001003: Autocommit mode: false
12-10-2017 14:14:14 INFO  org.hibernate.engine.jdbc.connections.internal.DriverManagerConnectionProviderImpl     - HHH000115: Hibernate connection pool size: 20 (min=1)
12-10-2017 14:14:14 WARN  org.hibernate.engine.jdbc.spi.SqlExceptionHelper     - SQL Error: 0, SQLState: 42703
12-10-2017 14:14:14 ERROR org.hibernate.engine.jdbc.spi.SqlExceptionHelper     - ОШИБКА: колонка "idu" в таблице "client" не существует
  Позиция: 21
12-10-2017 14:14:14 INFO  org.hibernate.engine.jdbc.batch.internal.AbstractBatchImpl     - HHH000010: On release of batch it still contained JDBC statements
12-10-2017 14:14:14 ERROR org.hibernate.internal.ExceptionMapperStandardImpl     - HHH000346: Error during managed flush [org.hibernate.exception.SQLGrammarException: could not execute statement]
12-10-2017 14:14:33 INFO  org.hibernate.Version     - HHH000412: Hibernate Core {5.2.10.Final}
12-10-2017 14:14:33 INFO  org.hibernate.cfg.Environment     - HHH000206: hibernate.properties not found
12-10-2017 14:14:33 INFO  org.hibernate.annotations.common.Version     - HCANN000001: Hibernate Commons Annotations {5.0.1.Final}
12-10-2017 14:14:35 INFO  org.hibernate.dialect.Dialect     - HHH000400: Using dialect: org.hibernate.dialect.PostgreSQLDialect
12-10-2017 14:14:35 INFO  org.hibernate.engine.jdbc.env.internal.LobCreatorBuilderImpl     - HHH000422: Disabling contextual LOB creation as connection was null
12-10-2017 14:14:35 INFO  org.hibernate.type.BasicTypeRegistry     - HHH000270: Type registration [java.util.UUID] overrides previous : org.hibernate.type.UUIDBinaryType@2f953efd
12-10-2017 14:14:37 WARN  org.hibernate.orm.connections.pooling     - HHH10001002: Using Hibernate built-in connection pool (not for production use!)
12-10-2017 14:14:37 INFO  org.hibernate.orm.connections.pooling     - HHH10001005: using driver [org.postgresql.Driver] at URL [jdbc:postgresql://localhost:5433/docChangeDb]
12-10-2017 14:14:37 INFO  org.hibernate.orm.connections.pooling     - HHH10001001: Connection properties: {user=postgres, password=****, autocommit=false, pool_size=1}
12-10-2017 14:14:37 INFO  org.hibernate.orm.connections.pooling     - HHH10001003: Autocommit mode: false
12-10-2017 14:14:37 INFO  org.hibernate.engine.jdbc.connections.internal.DriverManagerConnectionProviderImpl     - HHH000115: Hibernate connection pool size: 20 (min=1)
12-10-2017 14:14:37 WARN  org.hibernate.engine.jdbc.spi.SqlExceptionHelper     - SQL Error: 0, SQLState: 23505
12-10-2017 14:14:37 ERROR org.hibernate.engine.jdbc.spi.SqlExceptionHelper     - ОШИБКА: повторяющееся значение ключа нарушает ограничение уникальности "user_pkey"
  Подробности: Ключ "(id)=(55)" уже существует.
12-10-2017 14:14:37 INFO  org.hibernate.engine.jdbc.batch.internal.AbstractBatchImpl     - HHH000010: On release of batch it still contained JDBC statements
12-10-2017 14:14:37 ERROR org.hibernate.internal.ExceptionMapperStandardImpl     - HHH000346: Error during managed flush [org.hibernate.exception.ConstraintViolationException: could not execute statement]
12-10-2017 14:15:24 INFO  org.hibernate.Version     - HHH000412: Hibernate Core {5.2.10.Final}
12-10-2017 14:15:24 INFO  org.hibernate.cfg.Environment     - HHH000206: hibernate.properties not found
12-10-2017 14:15:25 INFO  org.hibernate.annotations.common.Version     - HCANN000001: Hibernate Commons Annotations {5.0.1.Final}
12-10-2017 14:15:27 INFO  org.hibernate.dialect.Dialect     - HHH000400: Using dialect: org.hibernate.dialect.PostgreSQLDialect
12-10-2017 14:15:27 INFO  org.hibernate.engine.jdbc.env.internal.LobCreatorBuilderImpl     - HHH000422: Disabling contextual LOB creation as connection was null
12-10-2017 14:15:27 INFO  org.hibernate.type.BasicTypeRegistry     - HHH000270: Type registration [java.util.UUID] overrides previous : org.hibernate.type.UUIDBinaryType@2d29b4ee
12-10-2017 14:15:28 WARN  org.hibernate.orm.connections.pooling     - HHH10001002: Using Hibernate built-in connection pool (not for production use!)
12-10-2017 14:15:28 INFO  org.hibernate.orm.connections.pooling     - HHH10001005: using driver [org.postgresql.Driver] at URL [jdbc:postgresql://localhost:5433/docChangeDb]
12-10-2017 14:15:28 INFO  org.hibernate.orm.connections.pooling     - HHH10001001: Connection properties: {user=postgres, password=****, autocommit=false, pool_size=1}
12-10-2017 14:15:28 INFO  org.hibernate.orm.connections.pooling     - HHH10001003: Autocommit mode: false
12-10-2017 14:15:28 INFO  org.hibernate.engine.jdbc.connections.internal.DriverManagerConnectionProviderImpl     - HHH000115: Hibernate connection pool size: 20 (min=1)
12-10-2017 14:15:28 WARN  org.hibernate.engine.jdbc.spi.SqlExceptionHelper     - SQL Error: 0, SQLState: 23505
12-10-2017 14:15:28 ERROR org.hibernate.engine.jdbc.spi.SqlExceptionHelper     - ОШИБКА: повторяющееся значение ключа нарушает ограничение уникальности "user_pkey"
  Подробности: Ключ "(id)=(55)" уже существует.
12-10-2017 14:15:28 INFO  org.hibernate.engine.jdbc.batch.internal.AbstractBatchImpl     - HHH000010: On release of batch it still contained JDBC statements
12-10-2017 14:15:28 ERROR org.hibernate.internal.ExceptionMapperStandardImpl     - HHH000346: Error during managed flush [org.hibernate.exception.ConstraintViolationException: could not execute statement]
12-10-2017 14:17:45 INFO  org.hibernate.Version     - HHH000412: Hibernate Core {5.2.10.Final}
12-10-2017 14:17:45 INFO  org.hibernate.cfg.Environment     - HHH000206: hibernate.properties not found
12-10-2017 14:17:45 INFO  org.hibernate.annotations.common.Version     - HCANN000001: Hibernate Commons Annotations {5.0.1.Final}
12-10-2017 14:17:47 INFO  org.hibernate.dialect.Dialect     - HHH000400: Using dialect: org.hibernate.dialect.PostgreSQLDialect
12-10-2017 14:17:47 INFO  org.hibernate.engine.jdbc.env.internal.LobCreatorBuilderImpl     - HHH000422: Disabling contextual LOB creation as connection was null
12-10-2017 14:17:47 INFO  org.hibernate.type.BasicTypeRegistry     - HHH000270: Type registration [java.util.UUID] overrides previous : org.hibernate.type.UUIDBinaryType@2f953efd
12-10-2017 14:17:49 WARN  org.hibernate.orm.connections.pooling     - HHH10001002: Using Hibernate built-in connection pool (not for production use!)
12-10-2017 14:17:49 INFO  org.hibernate.orm.connections.pooling     - HHH10001005: using driver [org.postgresql.Driver] at URL [jdbc:postgresql://localhost:5433/docChangeDb]
12-10-2017 14:17:49 INFO  org.hibernate.orm.connections.pooling     - HHH10001001: Connection properties: {user=postgres, password=****, autocommit=false, pool_size=1}
12-10-2017 14:17:49 INFO  org.hibernate.orm.connections.pooling     - HHH10001003: Autocommit mode: false
12-10-2017 14:17:49 INFO  org.hibernate.engine.jdbc.connections.internal.DriverManagerConnectionProviderImpl     - HHH000115: Hibernate connection pool size: 20 (min=1)
12-10-2017 14:17:49 WARN  org.hibernate.engine.jdbc.spi.SqlExceptionHelper     - SQL Error: 0, SQLState: 23505
12-10-2017 14:17:49 ERROR org.hibernate.engine.jdbc.spi.SqlExceptionHelper     - ОШИБКА: повторяющееся значение ключа нарушает ограничение уникальности "user_pkey"
  Подробности: Ключ "(id)=(55)" уже существует.
12-10-2017 14:17:49 INFO  org.hibernate.engine.jdbc.batch.internal.AbstractBatchImpl     - HHH000010: On release of batch it still contained JDBC statements
12-10-2017 14:17:49 ERROR org.hibernate.internal.ExceptionMapperStandardImpl     - HHH000346: Error during managed flush [org.hibernate.exception.ConstraintViolationException: could not execute statement]
12-10-2017 14:19:22 INFO  org.hibernate.Version     - HHH000412: Hibernate Core {5.2.10.Final}
12-10-2017 14:19:22 INFO  org.hibernate.cfg.Environment     - HHH000206: hibernate.properties not found
12-10-2017 14:19:23 INFO  org.hibernate.annotations.common.Version     - HCANN000001: Hibernate Commons Annotations {5.0.1.Final}
12-10-2017 14:19:25 INFO  org.hibernate.dialect.Dialect     - HHH000400: Using dialect: org.hibernate.dialect.PostgreSQLDialect
12-10-2017 14:19:25 INFO  org.hibernate.engine.jdbc.env.internal.LobCreatorBuilderImpl     - HHH000422: Disabling contextual LOB creation as connection was null
12-10-2017 14:19:25 INFO  org.hibernate.type.BasicTypeRegistry     - HHH000270: Type registration [java.util.UUID] overrides previous : org.hibernate.type.UUIDBinaryType@2d29b4ee
12-10-2017 14:19:26 WARN  org.hibernate.orm.connections.pooling     - HHH10001002: Using Hibernate built-in connection pool (not for production use!)
12-10-2017 14:19:26 INFO  org.hibernate.orm.connections.pooling     - HHH10001005: using driver [org.postgresql.Driver] at URL [jdbc:postgresql://localhost:5433/docChangeDb]
12-10-2017 14:19:26 INFO  org.hibernate.orm.connections.pooling     - HHH10001001: Connection properties: {user=postgres, password=****, autocommit=false, pool_size=1}
12-10-2017 14:19:26 INFO  org.hibernate.orm.connections.pooling     - HHH10001003: Autocommit mode: false
12-10-2017 14:19:26 INFO  org.hibernate.engine.jdbc.connections.internal.DriverManagerConnectionProviderImpl     - HHH000115: Hibernate connection pool size: 20 (min=1)
12-10-2017 14:19:27 WARN  org.hibernate.engine.jdbc.spi.SqlExceptionHelper     - SQL Error: 0, SQLState: 23505
12-10-2017 14:19:27 ERROR org.hibernate.engine.jdbc.spi.SqlExceptionHelper     - ОШИБКА: повторяющееся значение ключа нарушает ограничение уникальности "user_pkey"
  Подробности: Ключ "(id)=(55)" уже существует.
12-10-2017 14:19:27 INFO  org.hibernate.engine.jdbc.batch.internal.AbstractBatchImpl     - HHH000010: On release of batch it still contained JDBC statements
12-10-2017 14:19:27 ERROR org.hibernate.internal.ExceptionMapperStandardImpl     - HHH000346: Error during managed flush [org.hibernate.exception.ConstraintViolationException: could not execute statement]
12-10-2017 14:19:56 INFO  org.hibernate.Version     - HHH000412: Hibernate Core {5.2.10.Final}
12-10-2017 14:19:56 INFO  org.hibernate.cfg.Environment     - HHH000206: hibernate.properties not found
12-10-2017 14:19:56 INFO  org.hibernate.annotations.common.Version     - HCANN000001: Hibernate Commons Annotations {5.0.1.Final}
12-10-2017 14:19:58 INFO  org.hibernate.dialect.Dialect     - HHH000400: Using dialect: org.hibernate.dialect.PostgreSQLDialect
12-10-2017 14:19:58 INFO  org.hibernate.engine.jdbc.env.internal.LobCreatorBuilderImpl     - HHH000422: Disabling contextual LOB creation as connection was null
12-10-2017 14:19:58 INFO  org.hibernate.type.BasicTypeRegistry     - HHH000270: Type registration [java.util.UUID] overrides previous : org.hibernate.type.UUIDBinaryType@2f953efd
12-10-2017 14:20:00 WARN  org.hibernate.orm.connections.pooling     - HHH10001002: Using Hibernate built-in connection pool (not for production use!)
12-10-2017 14:20:00 INFO  org.hibernate.orm.connections.pooling     - HHH10001005: using driver [org.postgresql.Driver] at URL [jdbc:postgresql://localhost:5433/docChangeDb]
12-10-2017 14:20:00 INFO  org.hibernate.orm.connections.pooling     - HHH10001001: Connection properties: {user=postgres, password=****, autocommit=false, pool_size=1}
12-10-2017 14:20:00 INFO  org.hibernate.orm.connections.pooling     - HHH10001003: Autocommit mode: false
12-10-2017 14:20:00 INFO  org.hibernate.engine.jdbc.connections.internal.DriverManagerConnectionProviderImpl     - HHH000115: Hibernate connection pool size: 20 (min=1)
12-10-2017 14:20:00 WARN  org.hibernate.engine.jdbc.spi.SqlExceptionHelper     - SQL Error: 0, SQLState: 42703
12-10-2017 14:20:00 ERROR org.hibernate.engine.jdbc.spi.SqlExceptionHelper     - ОШИБКА: колонка "client" в таблице "client" не существует
  Позиция: 21
12-10-2017 14:20:00 INFO  org.hibernate.engine.jdbc.batch.internal.AbstractBatchImpl     - HHH000010: On release of batch it still contained JDBC statements
12-10-2017 14:20:00 ERROR org.hibernate.internal.ExceptionMapperStandardImpl     - HHH000346: Error during managed flush [org.hibernate.exception.SQLGrammarException: could not execute statement]
12-10-2017 14:20:15 INFO  org.hibernate.Version     - HHH000412: Hibernate Core {5.2.10.Final}
12-10-2017 14:20:15 INFO  org.hibernate.cfg.Environment     - HHH000206: hibernate.properties not found
12-10-2017 14:20:15 INFO  org.hibernate.annotations.common.Version     - HCANN000001: Hibernate Commons Annotations {5.0.1.Final}
12-10-2017 14:20:17 INFO  org.hibernate.dialect.Dialect     - HHH000400: Using dialect: org.hibernate.dialect.PostgreSQLDialect
12-10-2017 14:20:17 INFO  org.hibernate.engine.jdbc.env.internal.LobCreatorBuilderImpl     - HHH000422: Disabling contextual LOB creation as connection was null
12-10-2017 14:20:17 INFO  org.hibernate.type.BasicTypeRegistry     - HHH000270: Type registration [java.util.UUID] overrides previous : org.hibernate.type.UUIDBinaryType@2d29b4ee
12-10-2017 14:20:18 WARN  org.hibernate.orm.connections.pooling     - HHH10001002: Using Hibernate built-in connection pool (not for production use!)
12-10-2017 14:20:18 INFO  org.hibernate.orm.connections.pooling     - HHH10001005: using driver [org.postgresql.Driver] at URL [jdbc:postgresql://localhost:5433/docChangeDb]
12-10-2017 14:20:18 INFO  org.hibernate.orm.connections.pooling     - HHH10001001: Connection properties: {user=postgres, password=****, autocommit=false, pool_size=1}
12-10-2017 14:20:18 INFO  org.hibernate.orm.connections.pooling     - HHH10001003: Autocommit mode: false
12-10-2017 14:20:18 INFO  org.hibernate.engine.jdbc.connections.internal.DriverManagerConnectionProviderImpl     - HHH000115: Hibernate connection pool size: 20 (min=1)
12-10-2017 14:20:19 WARN  org.hibernate.engine.jdbc.spi.SqlExceptionHelper     - SQL Error: 0, SQLState: 42703
12-10-2017 14:20:19 ERROR org.hibernate.engine.jdbc.spi.SqlExceptionHelper     - ОШИБКА: колонка "client_id" в таблице "client" не существует
  Позиция: 21
12-10-2017 14:20:19 INFO  org.hibernate.engine.jdbc.batch.internal.AbstractBatchImpl     - HHH000010: On release of batch it still contained JDBC statements
12-10-2017 14:20:19 ERROR org.hibernate.internal.ExceptionMapperStandardImpl     - HHH000346: Error during managed flush [org.hibernate.exception.SQLGrammarException: could not execute statement]
12-10-2017 14:20:43 INFO  org.hibernate.Version     - HHH000412: Hibernate Core {5.2.10.Final}
12-10-2017 14:20:43 INFO  org.hibernate.cfg.Environment     - HHH000206: hibernate.properties not found
12-10-2017 14:20:44 INFO  org.hibernate.annotations.common.Version     - HCANN000001: Hibernate Commons Annotations {5.0.1.Final}
12-10-2017 14:20:46 INFO  org.hibernate.dialect.Dialect     - HHH000400: Using dialect: org.hibernate.dialect.PostgreSQLDialect
12-10-2017 14:20:46 INFO  org.hibernate.engine.jdbc.env.internal.LobCreatorBuilderImpl     - HHH000422: Disabling contextual LOB creation as connection was null
12-10-2017 14:20:46 INFO  org.hibernate.type.BasicTypeRegistry     - HHH000270: Type registration [java.util.UUID] overrides previous : org.hibernate.type.UUIDBinaryType@2f953efd
12-10-2017 14:21:34 INFO  org.hibernate.Version     - HHH000412: Hibernate Core {5.2.10.Final}
12-10-2017 14:21:34 INFO  org.hibernate.cfg.Environment     - HHH000206: hibernate.properties not found
12-10-2017 14:21:34 INFO  org.hibernate.annotations.common.Version     - HCANN000001: Hibernate Commons Annotations {5.0.1.Final}
12-10-2017 14:21:36 INFO  org.hibernate.dialect.Dialect     - HHH000400: Using dialect: org.hibernate.dialect.PostgreSQLDialect
12-10-2017 14:21:36 INFO  org.hibernate.engine.jdbc.env.internal.LobCreatorBuilderImpl     - HHH000422: Disabling contextual LOB creation as connection was null
12-10-2017 14:21:36 INFO  org.hibernate.type.BasicTypeRegistry     - HHH000270: Type registration [java.util.UUID] overrides previous : org.hibernate.type.UUIDBinaryType@2f953efd
12-10-2017 14:22:13 INFO  org.hibernate.Version     - HHH000412: Hibernate Core {5.2.10.Final}
12-10-2017 14:22:13 INFO  org.hibernate.cfg.Environment     - HHH000206: hibernate.properties not found
12-10-2017 14:22:14 INFO  org.hibernate.annotations.common.Version     - HCANN000001: Hibernate Commons Annotations {5.0.1.Final}
12-10-2017 14:22:16 INFO  org.hibernate.dialect.Dialect     - HHH000400: Using dialect: org.hibernate.dialect.PostgreSQLDialect
12-10-2017 14:22:16 INFO  org.hibernate.engine.jdbc.env.internal.LobCreatorBuilderImpl     - HHH000422: Disabling contextual LOB creation as connection was null
12-10-2017 14:22:16 INFO  org.hibernate.type.BasicTypeRegistry     - HHH000270: Type registration [java.util.UUID] overrides previous : org.hibernate.type.UUIDBinaryType@2f953efd
12-10-2017 14:22:17 WARN  org.hibernate.orm.connections.pooling     - HHH10001002: Using Hibernate built-in connection pool (not for production use!)
12-10-2017 14:22:17 INFO  org.hibernate.orm.connections.pooling     - HHH10001005: using driver [org.postgresql.Driver] at URL [jdbc:postgresql://localhost:5433/docChangeDb]
12-10-2017 14:22:17 INFO  org.hibernate.orm.connections.pooling     - HHH10001001: Connection properties: {user=postgres, password=****, autocommit=false, pool_size=1}
12-10-2017 14:22:17 INFO  org.hibernate.orm.connections.pooling     - HHH10001003: Autocommit mode: false
12-10-2017 14:22:17 INFO  org.hibernate.engine.jdbc.connections.internal.DriverManagerConnectionProviderImpl     - HHH000115: Hibernate connection pool size: 20 (min=1)
12-10-2017 14:22:18 WARN  org.hibernate.engine.jdbc.spi.SqlExceptionHelper     - SQL Error: 0, SQLState: 22P02
12-10-2017 14:22:18 ERROR org.hibernate.engine.jdbc.spi.SqlExceptionHelper     - ОШИБКА: значение массива должно начинаться с "{" или указания размерности
12-10-2017 14:22:18 INFO  org.hibernate.engine.jdbc.batch.internal.AbstractBatchImpl     - HHH000010: On release of batch it still contained JDBC statements
12-10-2017 14:22:18 ERROR org.hibernate.internal.ExceptionMapperStandardImpl     - HHH000346: Error during managed flush [org.hibernate.exception.DataException: could not execute statement]
12-10-2017 15:05:08 INFO  org.hibernate.Version     - HHH000412: Hibernate Core {5.2.10.Final}
12-10-2017 15:05:08 INFO  org.hibernate.cfg.Environment     - HHH000206: hibernate.properties not found
12-10-2017 15:05:08 INFO  org.hibernate.annotations.common.Version     - HCANN000001: Hibernate Commons Annotations {5.0.1.Final}
12-10-2017 15:05:45 INFO  org.hibernate.Version     - HHH000412: Hibernate Core {5.2.10.Final}
12-10-2017 15:05:45 INFO  org.hibernate.cfg.Environment     - HHH000206: hibernate.properties not found
12-10-2017 15:05:46 INFO  org.hibernate.annotations.common.Version     - HCANN000001: Hibernate Commons Annotations {5.0.1.Final}
12-10-2017 15:08:11 INFO  org.hibernate.Version     - HHH000412: Hibernate Core {5.2.10.Final}
12-10-2017 15:08:11 INFO  org.hibernate.cfg.Environment     - HHH000206: hibernate.properties not found
12-10-2017 15:08:12 INFO  org.hibernate.annotations.common.Version     - HCANN000001: Hibernate Commons Annotations {5.0.1.Final}
12-10-2017 15:08:14 INFO  org.hibernate.dialect.Dialect     - HHH000400: Using dialect: org.hibernate.dialect.PostgreSQLDialect
12-10-2017 15:08:14 INFO  org.hibernate.engine.jdbc.env.internal.LobCreatorBuilderImpl     - HHH000422: Disabling contextual LOB creation as connection was null
12-10-2017 15:08:14 INFO  org.hibernate.type.BasicTypeRegistry     - HHH000270: Type registration [java.util.UUID] overrides previous : org.hibernate.type.UUIDBinaryType@2f953efd
12-10-2017 15:10:46 INFO  org.hibernate.Version     - HHH000412: Hibernate Core {5.2.10.Final}
12-10-2017 15:10:46 INFO  org.hibernate.cfg.Environment     - HHH000206: hibernate.properties not found
12-10-2017 15:10:46 INFO  org.hibernate.annotations.common.Version     - HCANN000001: Hibernate Commons Annotations {5.0.1.Final}
12-10-2017 15:10:48 INFO  org.hibernate.dialect.Dialect     - HHH000400: Using dialect: org.hibernate.dialect.PostgreSQLDialect
12-10-2017 15:10:48 INFO  org.hibernate.engine.jdbc.env.internal.LobCreatorBuilderImpl     - HHH000422: Disabling contextual LOB creation as connection was null
12-10-2017 15:10:48 INFO  org.hibernate.type.BasicTypeRegistry     - HHH000270: Type registration [java.util.UUID] overrides previous : org.hibernate.type.UUIDBinaryType@2d29b4ee
12-10-2017 15:10:50 WARN  org.hibernate.orm.connections.pooling     - HHH10001002: Using Hibernate built-in connection pool (not for production use!)
12-10-2017 15:10:50 INFO  org.hibernate.orm.connections.pooling     - HHH10001005: using driver [org.postgresql.Driver] at URL [jdbc:postgresql://localhost:5433/docChangeDb]
12-10-2017 15:10:50 INFO  org.hibernate.orm.connections.pooling     - HHH10001001: Connection properties: {user=postgres, password=****, autocommit=false, pool_size=1}
12-10-2017 15:10:50 INFO  org.hibernate.orm.connections.pooling     - HHH10001003: Autocommit mode: false
12-10-2017 15:10:50 INFO  org.hibernate.engine.jdbc.connections.internal.DriverManagerConnectionProviderImpl     - HHH000115: Hibernate connection pool size: 20 (min=1)
12-10-2017 15:10:50 WARN  org.hibernate.engine.jdbc.spi.SqlExceptionHelper     - SQL Error: 0, SQLState: 42703
12-10-2017 15:10:50 ERROR org.hibernate.engine.jdbc.spi.SqlExceptionHelper     - ОШИБКА: колонка "logins" в таблице "client" не существует
  Позиция: 25
12-10-2017 15:10:50 INFO  org.hibernate.engine.jdbc.batch.internal.AbstractBatchImpl     - HHH000010: On release of batch it still contained JDBC statements
12-10-2017 15:10:50 ERROR org.hibernate.internal.ExceptionMapperStandardImpl     - HHH000346: Error during managed flush [org.hibernate.exception.SQLGrammarException: could not execute statement]
12-10-2017 16:56:55 INFO  org.hibernate.Version     - HHH000412: Hibernate Core {5.2.10.Final}
12-10-2017 16:56:55 INFO  org.hibernate.cfg.Environment     - HHH000206: hibernate.properties not found
12-10-2017 16:56:56 INFO  org.hibernate.annotations.common.Version     - HCANN000001: Hibernate Commons Annotations {5.0.1.Final}
12-10-2017 16:56:58 INFO  org.hibernate.dialect.Dialect     - HHH000400: Using dialect: org.hibernate.dialect.PostgreSQLDialect
12-10-2017 16:56:58 INFO  org.hibernate.engine.jdbc.env.internal.LobCreatorBuilderImpl     - HHH000422: Disabling contextual LOB creation as connection was null
12-10-2017 16:56:58 INFO  org.hibernate.type.BasicTypeRegistry     - HHH000270: Type registration [java.util.UUID] overrides previous : org.hibernate.type.UUIDBinaryType@2f953efd
12-10-2017 16:57:00 WARN  org.hibernate.orm.connections.pooling     - HHH10001002: Using Hibernate built-in connection pool (not for production use!)
12-10-2017 16:57:00 INFO  org.hibernate.orm.connections.pooling     - HHH10001005: using driver [org.postgresql.Driver] at URL [jdbc:postgresql://localhost:5433/docChangeDb]
12-10-2017 16:57:00 INFO  org.hibernate.orm.connections.pooling     - HHH10001001: Connection properties: {user=postgres, password=****, autocommit=false, pool_size=1}
12-10-2017 16:57:00 INFO  org.hibernate.orm.connections.pooling     - HHH10001003: Autocommit mode: false
12-10-2017 16:57:00 INFO  org.hibernate.engine.jdbc.connections.internal.DriverManagerConnectionProviderImpl     - HHH000115: Hibernate connection pool size: 20 (min=1)
12-10-2017 16:57:00 INFO  org.apache.commons.logging.impl.Log4JLogger     - Added new Department to data base. docchange.my.Dep@2ca47471
12-10-2017 16:58:03 INFO  org.hibernate.Version     - HHH000412: Hibernate Core {5.2.10.Final}
12-10-2017 16:58:03 INFO  org.hibernate.cfg.Environment     - HHH000206: hibernate.properties not found
12-10-2017 16:58:03 INFO  org.hibernate.annotations.common.Version     - HCANN000001: Hibernate Commons Annotations {5.0.1.Final}
12-10-2017 16:58:05 INFO  org.hibernate.dialect.Dialect     - HHH000400: Using dialect: org.hibernate.dialect.PostgreSQLDialect
12-10-2017 16:58:05 INFO  org.hibernate.engine.jdbc.env.internal.LobCreatorBuilderImpl     - HHH000422: Disabling contextual LOB creation as connection was null
12-10-2017 16:58:05 INFO  org.hibernate.type.BasicTypeRegistry     - HHH000270: Type registration [java.util.UUID] overrides previous : org.hibernate.type.UUIDBinaryType@2d29b4ee
12-10-2017 16:58:07 WARN  org.hibernate.orm.connections.pooling     - HHH10001002: Using Hibernate built-in connection pool (not for production use!)
12-10-2017 16:58:07 INFO  org.hibernate.orm.connections.pooling     - HHH10001005: using driver [org.postgresql.Driver] at URL [jdbc:postgresql://localhost:5433/docChangeDb]
12-10-2017 16:58:07 INFO  org.hibernate.orm.connections.pooling     - HHH10001001: Connection properties: {user=postgres, password=****, autocommit=false, pool_size=1}
12-10-2017 16:58:07 INFO  org.hibernate.orm.connections.pooling     - HHH10001003: Autocommit mode: false
12-10-2017 16:58:07 INFO  org.hibernate.engine.jdbc.connections.internal.DriverManagerConnectionProviderImpl     - HHH000115: Hibernate connection pool size: 20 (min=1)
12-10-2017 16:58:07 INFO  org.apache.commons.logging.impl.Log4JLogger     - Added new Department to data base. docchange.my.Dep@327120c8
